2025-05-12 07:53:44,816 - accounts.views - INFO - Is form valid? False
2025-05-12 07:53:44,816 - accounts.views - INFO - Form is NOT valid - printing errors:
2025-05-12 07:53:44,817 - accounts.views - INFO - Field: password, Errors: <ul class="errorlist"><li>This field is required.</li></ul>
2025-05-12 07:57:19,795 - accounts.views - INFO - Is form valid? False
2025-05-12 07:57:19,796 - accounts.views - INFO - Form is NOT valid - printing errors:
2025-05-12 07:57:19,797 - accounts.views - INFO - Field: password, Errors: <ul class="errorlist"><li>This field is required.</li></ul>
2025-05-12 07:57:58,954 - accounts.views - INFO - Is form valid? True
2025-05-12 07:57:58,954 - accounts.views - INFO - Form is valid - proceeding with signup and redirect.
2025-05-12 08:00:04,558 - accounts.views - INFO - Is form valid? False
2025-05-12 08:00:04,558 - accounts.views - INFO - Form is NOT valid - printing errors:
2025-05-12 08:00:04,559 - accounts.views - INFO - Field: password, Errors: <ul class="errorlist"><li>This field is required.</li></ul>
2025-05-12 08:00:29,575 - accounts.views - INFO - Is form valid? True
2025-05-12 08:00:29,575 - accounts.views - INFO - Form is valid - proceeding with signup and redirect.
2025-05-12 08:03:23,302 - accounts.views - INFO - Is form valid? False
2025-05-12 08:03:23,302 - accounts.views - INFO - Form is NOT valid - printing errors:
2025-05-12 08:03:23,303 - accounts.views - INFO - Field: password, Errors: <ul class="errorlist"><li>This field is required.</li></ul>
2025-05-12 08:06:16,129 - accounts.views - INFO - Is form valid? True
2025-05-12 08:06:16,129 - accounts.views - INFO - Form is valid - proceeding with signup and redirect.
2025-05-12 08:11:19,409 - accounts.views - INFO - Is form valid? False
2025-05-12 08:11:19,410 - accounts.views - INFO - Form is NOT valid - printing errors:
2025-05-12 08:11:19,410 - accounts.views - INFO - Field: password, Errors: <ul class="errorlist"><li>This field is required.</li></ul>
2025-05-12 08:11:34,662 - accounts.views - INFO - Is form valid? True
2025-05-12 08:11:34,663 - accounts.views - INFO - Form is valid - proceeding with signup and redirect.
2025-05-12 08:16:25,511 - accounts.views - INFO - Is form valid? False
2025-05-12 08:16:25,511 - accounts.views - INFO - Form is NOT valid - printing errors:
2025-05-12 08:16:25,512 - accounts.views - INFO - Field: password, Errors: <ul class="errorlist"><li>This field is required.</li></ul>
2025-05-12 08:18:30,272 - accounts.views - INFO - Is form valid? True
2025-05-12 08:18:30,273 - accounts.views - INFO - Form is valid - proceeding with signup and redirect.
2025-05-12 08:24:26,788 - accounts.views - INFO - Is form valid? False
2025-05-12 08:24:26,789 - accounts.views - INFO - Form is NOT valid - printing errors:
2025-05-12 08:24:26,789 - accounts.views - INFO - Field: password, Errors: <ul class="errorlist"><li>This field is required.</li></ul>
2025-05-12 08:25:11,517 - accounts.views - INFO - Is form valid? False
2025-05-12 08:25:11,518 - accounts.views - INFO - Form is NOT valid - printing errors:
2025-05-12 08:25:11,518 - accounts.views - INFO - Field: password, Errors: <ul class="errorlist"><li>This field is required.</li></ul>
2025-05-12 08:25:39,481 - accounts.views - INFO - Is form valid? False
2025-05-12 08:25:39,481 - accounts.views - INFO - Form is NOT valid - printing errors:
2025-05-12 08:25:39,482 - accounts.views - INFO - Field: password2, Errors: <ul class="errorlist"><li>Passwords do not match.</li></ul>
2025-05-12 08:25:55,867 - accounts.views - INFO - Is form valid? False
2025-05-12 08:25:55,867 - accounts.views - INFO - Form is NOT valid - printing errors:
2025-05-12 08:25:55,867 - accounts.views - INFO - Field: password2, Errors: <ul class="errorlist"><li>Passwords do not match.</li></ul>
2025-05-12 08:26:09,848 - accounts.views - INFO - Is form valid? False
2025-05-12 08:26:09,848 - accounts.views - INFO - Form is NOT valid - printing errors:
2025-05-12 08:26:09,848 - accounts.views - INFO - Field: password2, Errors: <ul class="errorlist"><li>Passwords do not match.</li></ul>
2025-05-12 08:26:21,074 - accounts.views - INFO - Is form valid? False
2025-05-12 08:26:21,075 - accounts.views - INFO - Form is NOT valid - printing errors:
2025-05-12 08:26:21,076 - accounts.views - INFO - Field: password2, Errors: <ul class="errorlist"><li>Passwords do not match.</li></ul>
2025-05-12 08:27:58,122 - accounts.views - INFO - Is form valid? False
2025-05-12 08:27:58,123 - accounts.views - INFO - Form is NOT valid - printing errors:
2025-05-12 08:27:58,124 - accounts.views - INFO - Field: password, Errors: <ul class="errorlist"><li>This field is required.</li></ul>
2025-05-12 08:28:35,545 - accounts.views - INFO - Is form valid? True
2025-05-12 08:28:35,545 - accounts.views - INFO - Form is valid - proceeding with signup and redirect.
2025-05-12 08:35:52,975 - accounts.views - INFO - Is form valid? False
2025-05-12 08:35:52,976 - accounts.views - INFO - Form is NOT valid - printing errors:
2025-05-12 08:35:52,976 - accounts.views - INFO - Field: password, Errors: <ul class="errorlist"><li>This field is required.</li></ul>
2025-05-12 08:36:20,011 - accounts.views - INFO - Is form valid? True
2025-05-12 08:36:20,011 - accounts.views - INFO - Form is valid - proceeding with signup and redirect.
2025-05-12 08:50:37,929 - accounts.views - INFO - Is form valid? False
2025-05-12 08:50:37,930 - accounts.views - INFO - Form is NOT valid - printing errors:
2025-05-12 08:50:37,931 - accounts.views - INFO - Field: password, Errors: <ul class="errorlist"><li>This field is required.</li></ul>
2025-05-12 08:51:14,493 - accounts.views - INFO - Is form valid? False
2025-05-12 08:51:14,493 - accounts.views - INFO - Form is NOT valid - printing errors:
2025-05-12 08:51:14,494 - accounts.views - INFO - Field: password, Errors: <ul class="errorlist"><li>This field is required.</li></ul>
2025-05-12 08:51:38,665 - accounts.views - INFO - Is form valid? True
2025-05-12 08:51:38,666 - accounts.views - INFO - Form is valid - proceeding with signup and redirect.
2025-05-13 15:11:50,967 - accounts.views - INFO - Is form valid? True
2025-05-13 15:11:50,969 - accounts.views - INFO - Form is valid - proceeding with signup and redirect.
2025-05-13 15:14:42,360 - accounts.views - INFO - Is form valid? True
2025-05-13 15:14:42,362 - accounts.views - INFO - Form is valid - proceeding with signup and redirect.
2025-05-13 17:30:44,880 - accounts.views - INFO - Is form valid? True
2025-05-13 17:30:44,881 - accounts.views - INFO - Form is valid - proceeding with signup and redirect.
2025-05-16 09:15:00,144 - accounts.views - INFO - Is form valid? False
2025-05-16 09:15:00,146 - accounts.views - INFO - Form is NOT valid - printing errors:
2025-05-16 09:15:00,180 - accounts.views - INFO - Field: password1, Errors: <ul class="errorlist"><li>This field is required.</li></ul>
2025-05-16 09:15:00,180 - accounts.views - INFO - Field: password2, Errors: <ul class="errorlist"><li>This field is required.</li></ul>
2025-05-16 09:32:17,470 - accounts.views - INFO - Is form valid? False
2025-05-16 09:32:17,471 - accounts.views - INFO - Form is NOT valid - printing errors:
2025-05-16 09:32:17,475 - accounts.views - INFO - Field: password1, Errors: <ul class="errorlist"><li>This field is required.</li></ul>
2025-05-16 09:32:17,475 - accounts.views - INFO - Field: password2, Errors: <ul class="errorlist"><li>This field is required.</li></ul>
2025-05-16 09:32:39,244 - accounts.views - INFO - Is form valid? True
2025-05-16 09:32:39,244 - accounts.views - INFO - Form is valid - proceeding with signup and redirect.
2025-05-16 15:02:23,405 - accounts.views - INFO - Is form valid? False
2025-05-16 15:02:23,406 - accounts.views - INFO - Form is NOT valid - printing errors:
2025-05-16 15:02:23,427 - accounts.views - INFO - Field: password1, Errors: <ul class="errorlist"><li>This field is required.</li></ul>
2025-05-16 15:02:23,427 - accounts.views - INFO - Field: password2, Errors: <ul class="errorlist"><li>This field is required.</li></ul>
Watching for file changes with StatReloader
C:\Users\Fam\selfcareproj\selfcareproj\social_app\social_app\settings.py changed, reloading.
Watching for file changes with StatReloader
Watching for file changes with StatReloader
Not Found: /.well-known/appspecific/com.chrome.devtools.json
Not Found: /.well-known/appspecific/com.chrome.devtools.json
2025-05-16 15:19:30,193 - accounts.views - INFO - Is form valid? False
Is form valid? False
2025-05-16 15:19:30,193 - accounts.views - INFO - Form is NOT valid - printing errors:
Form is NOT valid - printing errors:
2025-05-16 15:19:30,194 - accounts.views - INFO - Field: password1, Errors: <ul class="errorlist"><li>This field is required.</li></ul>
Field: password1, Errors: <ul class="errorlist"><li>This field is required.</li></ul>
2025-05-16 15:19:30,195 - accounts.views - INFO - Field: password2, Errors: <ul class="errorlist"><li>This field is required.</li></ul>
Field: password2, Errors: <ul class="errorlist"><li>This field is required.</li></ul>
Not Found: /.well-known/appspecific/com.chrome.devtools.json
2025-05-16 15:20:13,967 - accounts.views - INFO - Is form valid? False
Is form valid? False
2025-05-16 15:20:13,967 - accounts.views - INFO - Form is NOT valid - printing errors:
Form is NOT valid - printing errors:
2025-05-16 15:20:13,968 - accounts.views - INFO - Field: password1, Errors: <ul class="errorlist"><li>This field is required.</li></ul>
Field: password1, Errors: <ul class="errorlist"><li>This field is required.</li></ul>
2025-05-16 15:20:13,968 - accounts.views - INFO - Field: password2, Errors: <ul class="errorlist"><li>This field is required.</li></ul>
Field: password2, Errors: <ul class="errorlist"><li>This field is required.</li></ul>
Not Found: /.well-known/appspecific/com.chrome.devtools.json
Not Found: /.well-known/appspecific/com.chrome.devtools.json
Not Found: /.well-known/appspecific/com.chrome.devtools.json
Not Found: /.well-known/appspecific/com.chrome.devtools.json
2025-05-16 15:22:11,156 - accounts.views - INFO - Is form valid? False
Is form valid? False
2025-05-16 15:22:11,156 - accounts.views - INFO - Form is NOT valid - printing errors:
Form is NOT valid - printing errors:
2025-05-16 15:22:11,157 - accounts.views - INFO - Field: password1, Errors: <ul class="errorlist"><li>This field is required.</li></ul>
Field: password1, Errors: <ul class="errorlist"><li>This field is required.</li></ul>
2025-05-16 15:22:11,157 - accounts.views - INFO - Field: password2, Errors: <ul class="errorlist"><li>This field is required.</li></ul>
Field: password2, Errors: <ul class="errorlist"><li>This field is required.</li></ul>
Not Found: /.well-known/appspecific/com.chrome.devtools.json
2025-05-16 15:26:01,051 - accounts.views - INFO - Is form valid? False
Is form valid? False
2025-05-16 15:26:01,051 - accounts.views - INFO - Form is NOT valid - printing errors:
Form is NOT valid - printing errors:
2025-05-16 15:26:01,051 - accounts.views - INFO - Field: email, Errors: <ul class="errorlist"><li>This field is required.</li></ul>
Field: email, Errors: <ul class="errorlist"><li>This field is required.</li></ul>
2025-05-16 15:26:01,051 - accounts.views - INFO - Field: username, Errors: <ul class="errorlist"><li>This field is required.</li></ul>
Field: username, Errors: <ul class="errorlist"><li>This field is required.</li></ul>
2025-05-16 15:26:01,051 - accounts.views - INFO - Field: password1, Errors: <ul class="errorlist"><li>This field is required.</li></ul>
Field: password1, Errors: <ul class="errorlist"><li>This field is required.</li></ul>
2025-05-16 15:26:01,051 - accounts.views - INFO - Field: password2, Errors: <ul class="errorlist"><li>This field is required.</li></ul>
Field: password2, Errors: <ul class="errorlist"><li>This field is required.</li></ul>
2025-05-16 15:26:24,159 - accounts.views - INFO - Is form valid? False
Is form valid? False
2025-05-16 15:26:24,159 - accounts.views - INFO - Form is NOT valid - printing errors:
Form is NOT valid - printing errors:
2025-05-16 15:26:24,159 - accounts.views - INFO - Field: email, Errors: <ul class="errorlist"><li>This field is required.</li></ul>
Field: email, Errors: <ul class="errorlist"><li>This field is required.</li></ul>
2025-05-16 15:26:24,159 - accounts.views - INFO - Field: username, Errors: <ul class="errorlist"><li>This field is required.</li></ul>
Field: username, Errors: <ul class="errorlist"><li>This field is required.</li></ul>
2025-05-16 15:26:24,160 - accounts.views - INFO - Field: password1, Errors: <ul class="errorlist"><li>This field is required.</li></ul>
Field: password1, Errors: <ul class="errorlist"><li>This field is required.</li></ul>
2025-05-16 15:26:24,160 - accounts.views - INFO - Field: password2, Errors: <ul class="errorlist"><li>This field is required.</li></ul>
Field: password2, Errors: <ul class="errorlist"><li>This field is required.</li></ul>
C:\Users\Fam\selfcareproj\selfcareproj\social_app\accounts\urls.py changed, reloading.
Watching for file changes with StatReloader
2025-05-16 15:32:13,113 - accounts.views - INFO - Is form valid? False
Is form valid? False
2025-05-16 15:32:13,113 - accounts.views - INFO - Form is NOT valid - printing errors:
Form is NOT valid - printing errors:
2025-05-16 15:32:13,119 - accounts.views - INFO - Field: email, Errors: <ul class="errorlist"><li>This field is required.</li></ul>
Field: email, Errors: <ul class="errorlist"><li>This field is required.</li></ul>
2025-05-16 15:32:13,120 - accounts.views - INFO - Field: username, Errors: <ul class="errorlist"><li>This field is required.</li></ul>
Field: username, Errors: <ul class="errorlist"><li>This field is required.</li></ul>
2025-05-16 15:32:13,120 - accounts.views - INFO - Field: password1, Errors: <ul class="errorlist"><li>This field is required.</li></ul>
Field: password1, Errors: <ul class="errorlist"><li>This field is required.</li></ul>
2025-05-16 15:32:13,120 - accounts.views - INFO - Field: password2, Errors: <ul class="errorlist"><li>This field is required.</li></ul>
Field: password2, Errors: <ul class="errorlist"><li>This field is required.</li></ul>
2025-05-16 15:32:24,334 - accounts.views - INFO - Is form valid? False
Is form valid? False
2025-05-16 15:32:24,334 - accounts.views - INFO - Form is NOT valid - printing errors:
Form is NOT valid - printing errors:
2025-05-16 15:32:24,334 - accounts.views - INFO - Field: email, Errors: <ul class="errorlist"><li>This field is required.</li></ul>
Field: email, Errors: <ul class="errorlist"><li>This field is required.</li></ul>
2025-05-16 15:32:24,334 - accounts.views - INFO - Field: username, Errors: <ul class="errorlist"><li>This field is required.</li></ul>
Field: username, Errors: <ul class="errorlist"><li>This field is required.</li></ul>
2025-05-16 15:32:24,334 - accounts.views - INFO - Field: password1, Errors: <ul class="errorlist"><li>This field is required.</li></ul>
Field: password1, Errors: <ul class="errorlist"><li>This field is required.</li></ul>
2025-05-16 15:32:24,335 - accounts.views - INFO - Field: password2, Errors: <ul class="errorlist"><li>This field is required.</li></ul>
Field: password2, Errors: <ul class="errorlist"><li>This field is required.</li></ul>
2025-05-16 15:32:44,064 - accounts.views - INFO - Is form valid? False
Is form valid? False
2025-05-16 15:32:44,064 - accounts.views - INFO - Form is NOT valid - printing errors:
Form is NOT valid - printing errors:
2025-05-16 15:32:44,064 - accounts.views - INFO - Field: email, Errors: <ul class="errorlist"><li>This field is required.</li></ul>
Field: email, Errors: <ul class="errorlist"><li>This field is required.</li></ul>
2025-05-16 15:32:44,064 - accounts.views - INFO - Field: username, Errors: <ul class="errorlist"><li>This field is required.</li></ul>
Field: username, Errors: <ul class="errorlist"><li>This field is required.</li></ul>
2025-05-16 15:32:44,065 - accounts.views - INFO - Field: password1, Errors: <ul class="errorlist"><li>This field is required.</li></ul>
Field: password1, Errors: <ul class="errorlist"><li>This field is required.</li></ul>
2025-05-16 15:32:44,068 - accounts.views - INFO - Field: password2, Errors: <ul class="errorlist"><li>This field is required.</li></ul>
Field: password2, Errors: <ul class="errorlist"><li>This field is required.</li></ul>
Not Found: /favicon.ico
2025-05-16 15:33:04,513 - accounts.views - INFO - Is form valid? False
Is form valid? False
2025-05-16 15:33:04,513 - accounts.views - INFO - Form is NOT valid - printing errors:
Form is NOT valid - printing errors:
2025-05-16 15:33:04,513 - accounts.views - INFO - Field: email, Errors: <ul class="errorlist"><li>This field is required.</li></ul>
Field: email, Errors: <ul class="errorlist"><li>This field is required.</li></ul>
2025-05-16 15:33:04,513 - accounts.views - INFO - Field: username, Errors: <ul class="errorlist"><li>This field is required.</li></ul>
Field: username, Errors: <ul class="errorlist"><li>This field is required.</li></ul>
2025-05-16 15:33:04,513 - accounts.views - INFO - Field: password1, Errors: <ul class="errorlist"><li>This field is required.</li></ul>
Field: password1, Errors: <ul class="errorlist"><li>This field is required.</li></ul>
2025-05-16 15:33:04,513 - accounts.views - INFO - Field: password2, Errors: <ul class="errorlist"><li>This field is required.</li></ul>
Field: password2, Errors: <ul class="errorlist"><li>This field is required.</li></ul>
2025-05-16 15:33:29,524 - accounts.views - INFO - Is form valid? False
Is form valid? False
2025-05-16 15:33:29,524 - accounts.views - INFO - Form is NOT valid - printing errors:
Form is NOT valid - printing errors:
2025-05-16 15:33:29,524 - accounts.views - INFO - Field: email, Errors: <ul class="errorlist"><li>This field is required.</li></ul>
Field: email, Errors: <ul class="errorlist"><li>This field is required.</li></ul>
2025-05-16 15:33:29,524 - accounts.views - INFO - Field: username, Errors: <ul class="errorlist"><li>This field is required.</li></ul>
Field: username, Errors: <ul class="errorlist"><li>This field is required.</li></ul>
2025-05-16 15:33:29,525 - accounts.views - INFO - Field: password1, Errors: <ul class="errorlist"><li>This field is required.</li></ul>
Field: password1, Errors: <ul class="errorlist"><li>This field is required.</li></ul>
2025-05-16 15:33:29,525 - accounts.views - INFO - Field: password2, Errors: <ul class="errorlist"><li>This field is required.</li></ul>
Field: password2, Errors: <ul class="errorlist"><li>This field is required.</li></ul>
Not Found: /.well-known/appspecific/com.chrome.devtools.json
2025-05-16 15:35:09,440 - accounts.views - INFO - Is form valid? False
Is form valid? False
2025-05-16 15:35:09,440 - accounts.views - INFO - Form is NOT valid - printing errors:
Form is NOT valid - printing errors:
2025-05-16 15:35:09,441 - accounts.views - INFO - Field: email, Errors: <ul class="errorlist"><li>This field is required.</li></ul>
Field: email, Errors: <ul class="errorlist"><li>This field is required.</li></ul>
2025-05-16 15:35:09,441 - accounts.views - INFO - Field: username, Errors: <ul class="errorlist"><li>This field is required.</li></ul>
Field: username, Errors: <ul class="errorlist"><li>This field is required.</li></ul>
2025-05-16 15:35:09,441 - accounts.views - INFO - Field: password1, Errors: <ul class="errorlist"><li>This field is required.</li></ul>
Field: password1, Errors: <ul class="errorlist"><li>This field is required.</li></ul>
2025-05-16 15:35:09,441 - accounts.views - INFO - Field: password2, Errors: <ul class="errorlist"><li>This field is required.</li></ul>
Field: password2, Errors: <ul class="errorlist"><li>This field is required.</li></ul>
C:\Users\Fam\selfcareproj\selfcareproj\social_app\social_app\settings.py changed, reloading.
Watching for file changes with StatReloader
Watching for file changes with StatReloader
C:\Users\Fam\selfcareproj\selfcareproj\social_app\accounts\views.py changed, reloading.
Watching for file changes with StatReloader
2025-05-16 15:43:51,798 - accounts.views - INFO - Is form valid? False
Is form valid? False
2025-05-16 15:43:51,799 - accounts.views - INFO - Form is NOT valid - printing errors:
Form is NOT valid - printing errors:
2025-05-16 15:43:51,801 - accounts.views - INFO - Field: email, Errors: <ul class="errorlist"><li>This field is required.</li></ul>
Field: email, Errors: <ul class="errorlist"><li>This field is required.</li></ul>
2025-05-16 15:43:51,801 - accounts.views - INFO - Field: username, Errors: <ul class="errorlist"><li>This field is required.</li></ul>
Field: username, Errors: <ul class="errorlist"><li>This field is required.</li></ul>
2025-05-16 15:43:51,802 - accounts.views - INFO - Field: password1, Errors: <ul class="errorlist"><li>This field is required.</li></ul>
Field: password1, Errors: <ul class="errorlist"><li>This field is required.</li></ul>
2025-05-16 15:43:51,802 - accounts.views - INFO - Field: password2, Errors: <ul class="errorlist"><li>This field is required.</li></ul>
Field: password2, Errors: <ul class="errorlist"><li>This field is required.</li></ul>
2025-05-16 15:44:18,858 - accounts.views - INFO - Is form valid? True
Is form valid? True
2025-05-16 15:44:18,858 - accounts.views - INFO - Form is valid - proceeding with signup and redirect.
Form is valid - proceeding with signup and redirect.
2025-05-16 15:44:43,366 - accounts.views - INFO - Is form valid? False
Is form valid? False
2025-05-16 15:44:43,366 - accounts.views - INFO - Form is NOT valid - printing errors:
Form is NOT valid - printing errors:
2025-05-16 15:44:43,366 - accounts.views - INFO - Field: email, Errors: <ul class="errorlist"><li>This field is required.</li></ul>
Field: email, Errors: <ul class="errorlist"><li>This field is required.</li></ul>
2025-05-16 15:44:43,366 - accounts.views - INFO - Field: username, Errors: <ul class="errorlist"><li>This field is required.</li></ul>
Field: username, Errors: <ul class="errorlist"><li>This field is required.</li></ul>
2025-05-16 15:44:43,367 - accounts.views - INFO - Field: password1, Errors: <ul class="errorlist"><li>This field is required.</li></ul>
Field: password1, Errors: <ul class="errorlist"><li>This field is required.</li></ul>
2025-05-16 15:44:43,367 - accounts.views - INFO - Field: password2, Errors: <ul class="errorlist"><li>This field is required.</li></ul>
Field: password2, Errors: <ul class="errorlist"><li>This field is required.</li></ul>
Not Found: /.well-known/appspecific/com.chrome.devtools.json
2025-05-16 15:55:23,787 - accounts.views - INFO - Is form valid? False
Is form valid? False
2025-05-16 15:55:23,789 - accounts.views - INFO - Form is NOT valid - printing errors:
Form is NOT valid - printing errors:
2025-05-16 15:55:23,791 - accounts.views - INFO - Field: email, Errors: <ul class="errorlist"><li>This field is required.</li></ul>
Field: email, Errors: <ul class="errorlist"><li>This field is required.</li></ul>
2025-05-16 15:55:23,791 - accounts.views - INFO - Field: username, Errors: <ul class="errorlist"><li>This field is required.</li></ul>
Field: username, Errors: <ul class="errorlist"><li>This field is required.</li></ul>
2025-05-16 15:55:23,791 - accounts.views - INFO - Field: password1, Errors: <ul class="errorlist"><li>This field is required.</li></ul>
Field: password1, Errors: <ul class="errorlist"><li>This field is required.</li></ul>
2025-05-16 15:55:23,791 - accounts.views - INFO - Field: password2, Errors: <ul class="errorlist"><li>This field is required.</li></ul>
Field: password2, Errors: <ul class="errorlist"><li>This field is required.</li></ul>
2025-05-16 15:55:48,151 - accounts.views - INFO - Is form valid? False
Is form valid? False
2025-05-16 15:55:48,151 - accounts.views - INFO - Form is NOT valid - printing errors:
Form is NOT valid - printing errors:
2025-05-16 15:55:48,151 - accounts.views - INFO - Field: email, Errors: <ul class="errorlist"><li>This field is required.</li></ul>
Field: email, Errors: <ul class="errorlist"><li>This field is required.</li></ul>
2025-05-16 15:55:48,151 - accounts.views - INFO - Field: username, Errors: <ul class="errorlist"><li>This field is required.</li></ul>
Field: username, Errors: <ul class="errorlist"><li>This field is required.</li></ul>
2025-05-16 15:55:48,152 - accounts.views - INFO - Field: password1, Errors: <ul class="errorlist"><li>This field is required.</li></ul>
Field: password1, Errors: <ul class="errorlist"><li>This field is required.</li></ul>
2025-05-16 15:55:48,153 - accounts.views - INFO - Field: password2, Errors: <ul class="errorlist"><li>This field is required.</li></ul>
Field: password2, Errors: <ul class="errorlist"><li>This field is required.</li></ul>
2025-05-16 15:58:05,257 - accounts.views - INFO - Is form valid? False
Is form valid? False
2025-05-16 15:58:05,257 - accounts.views - INFO - Form is NOT valid - printing errors:
Form is NOT valid - printing errors:
2025-05-16 15:58:05,257 - accounts.views - INFO - Field: email, Errors: <ul class="errorlist"><li>This field is required.</li></ul>
Field: email, Errors: <ul class="errorlist"><li>This field is required.</li></ul>
2025-05-16 15:58:05,257 - accounts.views - INFO - Field: username, Errors: <ul class="errorlist"><li>This field is required.</li></ul>
Field: username, Errors: <ul class="errorlist"><li>This field is required.</li></ul>
2025-05-16 15:58:05,258 - accounts.views - INFO - Field: password1, Errors: <ul class="errorlist"><li>This field is required.</li></ul>
Field: password1, Errors: <ul class="errorlist"><li>This field is required.</li></ul>
2025-05-16 15:58:05,258 - accounts.views - INFO - Field: password2, Errors: <ul class="errorlist"><li>This field is required.</li></ul>
Field: password2, Errors: <ul class="errorlist"><li>This field is required.</li></ul>
2025-05-16 15:58:16,798 - accounts.views - INFO - Is form valid? False
Is form valid? False
2025-05-16 15:58:16,798 - accounts.views - INFO - Form is NOT valid - printing errors:
Form is NOT valid - printing errors:
2025-05-16 15:58:16,798 - accounts.views - INFO - Field: email, Errors: <ul class="errorlist"><li>This field is required.</li></ul>
Field: email, Errors: <ul class="errorlist"><li>This field is required.</li></ul>
2025-05-16 15:58:16,798 - accounts.views - INFO - Field: username, Errors: <ul class="errorlist"><li>This field is required.</li></ul>
Field: username, Errors: <ul class="errorlist"><li>This field is required.</li></ul>
2025-05-16 15:58:16,799 - accounts.views - INFO - Field: password1, Errors: <ul class="errorlist"><li>This field is required.</li></ul>
Field: password1, Errors: <ul class="errorlist"><li>This field is required.</li></ul>
2025-05-16 15:58:16,799 - accounts.views - INFO - Field: password2, Errors: <ul class="errorlist"><li>This field is required.</li></ul>
Field: password2, Errors: <ul class="errorlist"><li>This field is required.</li></ul>
Not Found: /.well-known/appspecific/com.chrome.devtools.json
Not Found: /.well-known/appspecific/com.chrome.devtools.json
Not Found: /.well-known/appspecific/com.chrome.devtools.json
Not Found: /favicon.ico
Not Found: /.well-known/appspecific/com.chrome.devtools.json
Not Found: /favicon.ico
Watching for file changes with StatReloader
2025-05-16 16:06:48,427 - accounts.views - INFO - Is form valid? True
Is form valid? True
2025-05-16 16:06:48,427 - accounts.views - INFO - Form is valid - proceeding with signup and redirect.
Form is valid - proceeding with signup and redirect.
Watching for file changes with StatReloader
Not Found: /favicon.ico
Watching for file changes with StatReloader
Not Found: /favicon.ico
C:\Users\Fam\selfcareproj\selfcareproj\social_app\accounts\views.py changed, reloading.
Watching for file changes with StatReloader
Watching for file changes with StatReloader
Watching for file changes with StatReloader
Watching for file changes with StatReloader
Watching for file changes with StatReloader
Watching for file changes with StatReloader
Watching for file changes with StatReloader
Internal Server Error: /recommendations/
Traceback (most recent call last):
  File "C:\Users\Fam\AppData\Local\Programs\Python\Python313\Lib\site-packages\google\api_core\grpc_helpers.py", line 76, in error_remapped_callable
    return callable_(*args, **kwargs)
  File "C:\Users\Fam\AppData\Local\Programs\Python\Python313\Lib\site-packages\grpc\_interceptor.py", line 277, in __call__
    response, ignored_call = self._with_call(
                             ~~~~~~~~~~~~~~~^
        request,
        ^^^^^^^^
    ...<4 lines>...
        compression=compression,
        ^^^^^^^^^^^^^^^^^^^^^^^^
    )
    ^
  File "C:\Users\Fam\AppData\Local\Programs\Python\Python313\Lib\site-packages\grpc\_interceptor.py", line 332, in _with_call
    return call.result(), call
           ~~~~~~~~~~~^^
  File "C:\Users\Fam\AppData\Local\Programs\Python\Python313\Lib\site-packages\grpc\_channel.py", line 440, in result
    raise self
  File "C:\Users\Fam\AppData\Local\Programs\Python\Python313\Lib\site-packages\grpc\_interceptor.py", line 315, in continuation
    response, call = self._thunk(new_method).with_call(
                     ~~~~~~~~~~~~~~~~~~~~~~~~~~~~~~~~~^
        request,
        ^^^^^^^^
    ...<4 lines>...
        compression=new_compression,
        ^^^^^^^^^^^^^^^^^^^^^^^^^^^^
    )
    ^
  File "C:\Users\Fam\AppData\Local\Programs\Python\Python313\Lib\site-packages\grpc\_channel.py", line 1198, in with_call
    return _end_unary_response_blocking(state, call, True, None)
  File "C:\Users\Fam\AppData\Local\Programs\Python\Python313\Lib\site-packages\grpc\_channel.py", line 1006, in _end_unary_response_blocking
    raise _InactiveRpcError(state)  # pytype: disable=not-instantiable
    ^^^^^^^^^^^^^^^^^^^^^^^^^^^^^^
grpc._channel._InactiveRpcError: <_InactiveRpcError of RPC that terminated with:
	status = StatusCode.UNAVAILABLE
	details = "DNS resolution failed for generativelanguage.googleapis.com:443: UNAVAILABLE: getaddrinfo: WSA Error (No such host is known.
 -- 11001)"
	debug_error_string = "UNKNOWN:Error received from peer  {grpc_message:"DNS resolution failed for generativelanguage.googleapis.com:443: UNAVAILABLE: getaddrinfo: WSA Error (No such host is known.\r\n -- 11001)", grpc_status:14, created_time:"2025-05-16T10:52:57.3186259+00:00"}"
>

The above exception was the direct cause of the following exception:

Traceback (most recent call last):
  File "C:\Users\Fam\AppData\Local\Programs\Python\Python313\Lib\site-packages\google\api_core\retry\retry_unary.py", line 147, in retry_target
    result = target()
  File "C:\Users\Fam\AppData\Local\Programs\Python\Python313\Lib\site-packages\google\api_core\timeout.py", line 130, in func_with_timeout
    return func(*args, **kwargs)
  File "C:\Users\Fam\AppData\Local\Programs\Python\Python313\Lib\site-packages\google\api_core\grpc_helpers.py", line 78, in error_remapped_callable
    raise exceptions.from_grpc_error(exc) from exc
google.api_core.exceptions.ServiceUnavailable: 503 DNS resolution failed for generativelanguage.googleapis.com:443: UNAVAILABLE: getaddrinfo: WSA Error (No such host is known.
 -- 11001)

The above exception was the direct cause of the following exception:

Traceback (most recent call last):
  File "C:\Users\Fam\AppData\Local\Programs\Python\Python313\Lib\site-packages\django\core\handlers\exception.py", line 55, in inner
    response = get_response(request)
  File "C:\Users\Fam\AppData\Local\Programs\Python\Python313\Lib\site-packages\django\core\handlers\base.py", line 197, in _get_response
    response = wrapped_callback(request, *callback_args, **callback_kwargs)
  File "C:\Users\Fam\AppData\Local\Programs\Python\Python313\Lib\site-packages\django\contrib\auth\decorators.py", line 60, in _view_wrapper
    return view_func(request, *args, **kwargs)
  File "C:\Users\Fam\selfcareproj\selfcareproj\social_app\accounts\views.py", line 121, in recommendations_view
    ai_recommendation_obj = generate_ai_recommendation(request.user, user_input)
  File "C:\Users\Fam\selfcareproj\selfcareproj\social_app\accounts\utils.py", line 39, in generate_ai_recommendation
    for model in genai.list_models():
                 ~~~~~~~~~~~~~~~~~^^
  File "C:\Users\Fam\AppData\Local\Programs\Python\Python313\Lib\site-packages\google\generativeai\models.py", line 204, in list_models
    for model in client.list_models(page_size=page_size, **request_options):
                 ~~~~~~~~~~~~~~~~~~^^^^^^^^^^^^^^^^^^^^^^^^^^^^^^^^^^^^^^^^
  File "C:\Users\Fam\AppData\Local\Programs\Python\Python313\Lib\site-packages\google\ai\generativelanguage_v1beta\services\model_service\client.py", line 923, in list_models
    response = rpc(
        request,
    ...<2 lines>...
        metadata=metadata,
    )
  File "C:\Users\Fam\AppData\Local\Programs\Python\Python313\Lib\site-packages\google\api_core\gapic_v1\method.py", line 131, in __call__
    return wrapped_func(*args, **kwargs)
  File "C:\Users\Fam\AppData\Local\Programs\Python\Python313\Lib\site-packages\google\api_core\retry\retry_unary.py", line 294, in retry_wrapped_func
    return retry_target(
        target,
    ...<3 lines>...
        on_error=on_error,
    )
  File "C:\Users\Fam\AppData\Local\Programs\Python\Python313\Lib\site-packages\google\api_core\retry\retry_unary.py", line 156, in retry_target
    next_sleep = _retry_error_helper(
        exc,
    ...<6 lines>...
        timeout,
    )
  File "C:\Users\Fam\AppData\Local\Programs\Python\Python313\Lib\site-packages\google\api_core\retry\retry_base.py", line 229, in _retry_error_helper
    raise final_exc from source_exc
google.api_core.exceptions.RetryError: Timeout of 60.0s exceeded, last exception: 503 DNS resolution failed for generativelanguage.googleapis.com:443: UNAVAILABLE: getaddrinfo: WSA Error (No such host is known.
 -- 11001)
Internal Server Error: /recommendations/
Traceback (most recent call last):
  File "C:\Users\Fam\AppData\Local\Programs\Python\Python313\Lib\site-packages\google\api_core\grpc_helpers.py", line 76, in error_remapped_callable
    return callable_(*args, **kwargs)
  File "C:\Users\Fam\AppData\Local\Programs\Python\Python313\Lib\site-packages\grpc\_interceptor.py", line 277, in __call__
    response, ignored_call = self._with_call(
                             ~~~~~~~~~~~~~~~^
        request,
        ^^^^^^^^
    ...<4 lines>...
        compression=compression,
        ^^^^^^^^^^^^^^^^^^^^^^^^
    )
    ^
  File "C:\Users\Fam\AppData\Local\Programs\Python\Python313\Lib\site-packages\grpc\_interceptor.py", line 332, in _with_call
    return call.result(), call
           ~~~~~~~~~~~^^
  File "C:\Users\Fam\AppData\Local\Programs\Python\Python313\Lib\site-packages\grpc\_channel.py", line 440, in result
    raise self
  File "C:\Users\Fam\AppData\Local\Programs\Python\Python313\Lib\site-packages\grpc\_interceptor.py", line 315, in continuation
    response, call = self._thunk(new_method).with_call(
                     ~~~~~~~~~~~~~~~~~~~~~~~~~~~~~~~~~^
        request,
        ^^^^^^^^
    ...<4 lines>...
        compression=new_compression,
        ^^^^^^^^^^^^^^^^^^^^^^^^^^^^
    )
    ^
  File "C:\Users\Fam\AppData\Local\Programs\Python\Python313\Lib\site-packages\grpc\_channel.py", line 1198, in with_call
    return _end_unary_response_blocking(state, call, True, None)
  File "C:\Users\Fam\AppData\Local\Programs\Python\Python313\Lib\site-packages\grpc\_channel.py", line 1006, in _end_unary_response_blocking
    raise _InactiveRpcError(state)  # pytype: disable=not-instantiable
    ^^^^^^^^^^^^^^^^^^^^^^^^^^^^^^
grpc._channel._InactiveRpcError: <_InactiveRpcError of RPC that terminated with:
	status = StatusCode.UNAVAILABLE
	details = "failed to connect to all addresses; last error: UNKNOWN: ipv4:142.251.221.10:443: tcp handshaker shutdown"
	debug_error_string = "UNKNOWN:Error received from peer  {grpc_message:"failed to connect to all addresses; last error: UNKNOWN: ipv4:142.251.221.10:443: tcp handshaker shutdown", grpc_status:14, created_time:"2025-05-16T10:53:04.4738941+00:00"}"
>

The above exception was the direct cause of the following exception:

Traceback (most recent call last):
  File "C:\Users\Fam\AppData\Local\Programs\Python\Python313\Lib\site-packages\google\api_core\retry\retry_unary.py", line 147, in retry_target
    result = target()
  File "C:\Users\Fam\AppData\Local\Programs\Python\Python313\Lib\site-packages\google\api_core\timeout.py", line 130, in func_with_timeout
    return func(*args, **kwargs)
  File "C:\Users\Fam\AppData\Local\Programs\Python\Python313\Lib\site-packages\google\api_core\grpc_helpers.py", line 78, in error_remapped_callable
    raise exceptions.from_grpc_error(exc) from exc
google.api_core.exceptions.ServiceUnavailable: 503 failed to connect to all addresses; last error: UNKNOWN: ipv4:142.251.221.10:443: tcp handshaker shutdown

The above exception was the direct cause of the following exception:

Traceback (most recent call last):
  File "C:\Users\Fam\AppData\Local\Programs\Python\Python313\Lib\site-packages\django\core\handlers\exception.py", line 55, in inner
    response = get_response(request)
  File "C:\Users\Fam\AppData\Local\Programs\Python\Python313\Lib\site-packages\django\core\handlers\base.py", line 197, in _get_response
    response = wrapped_callback(request, *callback_args, **callback_kwargs)
  File "C:\Users\Fam\AppData\Local\Programs\Python\Python313\Lib\site-packages\django\contrib\auth\decorators.py", line 60, in _view_wrapper
    return view_func(request, *args, **kwargs)
  File "C:\Users\Fam\selfcareproj\selfcareproj\social_app\accounts\views.py", line 121, in recommendations_view
    ai_recommendation_obj = generate_ai_recommendation(request.user, user_input)
  File "C:\Users\Fam\selfcareproj\selfcareproj\social_app\accounts\utils.py", line 39, in generate_ai_recommendation
    for model in genai.list_models():
                 ~~~~~~~~~~~~~~~~~^^
  File "C:\Users\Fam\AppData\Local\Programs\Python\Python313\Lib\site-packages\google\generativeai\models.py", line 204, in list_models
    for model in client.list_models(page_size=page_size, **request_options):
                 ~~~~~~~~~~~~~~~~~~^^^^^^^^^^^^^^^^^^^^^^^^^^^^^^^^^^^^^^^^
  File "C:\Users\Fam\AppData\Local\Programs\Python\Python313\Lib\site-packages\google\ai\generativelanguage_v1beta\services\model_service\client.py", line 923, in list_models
    response = rpc(
        request,
    ...<2 lines>...
        metadata=metadata,
    )
  File "C:\Users\Fam\AppData\Local\Programs\Python\Python313\Lib\site-packages\google\api_core\gapic_v1\method.py", line 131, in __call__
    return wrapped_func(*args, **kwargs)
  File "C:\Users\Fam\AppData\Local\Programs\Python\Python313\Lib\site-packages\google\api_core\retry\retry_unary.py", line 294, in retry_wrapped_func
    return retry_target(
        target,
    ...<3 lines>...
        on_error=on_error,
    )
  File "C:\Users\Fam\AppData\Local\Programs\Python\Python313\Lib\site-packages\google\api_core\retry\retry_unary.py", line 156, in retry_target
    next_sleep = _retry_error_helper(
        exc,
    ...<6 lines>...
        timeout,
    )
  File "C:\Users\Fam\AppData\Local\Programs\Python\Python313\Lib\site-packages\google\api_core\retry\retry_base.py", line 229, in _retry_error_helper
    raise final_exc from source_exc
google.api_core.exceptions.RetryError: Timeout of 60.0s exceeded, last exception: 503 failed to connect to all addresses; last error: UNKNOWN: ipv4:142.251.221.10:443: tcp handshaker shutdown
Watching for file changes with StatReloader
Not Found: /favicon.ico
Not Found: /favicon.ico
Not Found: /favicon.ico
Not Found: /favicon.ico
